<?xml version="1.0" encoding="UTF-8"?>
<testng-results skipped="2" failed="3" ignored="20" total="44" passed="19">
  <reporter-output>
  </reporter-output>
  <suite name="TestSuite" duration-ms="295319" started-at="2021-02-20T20:02:50 CST" finished-at="2021-02-20T20:07:45 CST">
    <groups>
    </groups>
    <test name="Regression Chrome" duration-ms="295319" started-at="2021-02-20T20:02:50 CST" finished-at="2021-02-20T20:07:45 CST">
      <class name="com.jostens.qa.testcases.CProductDetailPageTest">
        <test-method status="PASS" signature="beforeClass()[pri:0, instance:com.jostens.qa.testcases.CProductDetailPageTest@5702b3b1]" name="beforeClass" is-config="true" duration-ms="36" started-at="2021-02-20T20:04:13 CST" finished-at="2021-02-20T20:04:13 CST">
          <reporter-output>
          </reporter-output>
        </test-method> <!-- beforeClass -->
        <test-method status="PASS" signature="productSearchTest(java.lang.String, java.lang.String, java.lang.String, java.lang.String, java.lang.String, java.lang.String, java.lang.String, java.lang.String, java.lang.String, java.lang.String, java.lang.String, java.lang.String)[pri:0, instance:com.jostens.qa.testcases.CProductDetailPageTest@5702b3b1]" name="productSearchTest" duration-ms="54395" started-at="2021-02-20T20:04:13 CST" data-provider="inputs" finished-at="2021-02-20T20:05:08 CST">
          <params>
            <param index="0">
              <value>
                <![CDATA[New Era Men's Heritage Blend 3/4-Sleeve Baseball Raglan Tee]]>
              </value>
            </param>
            <param index="1">
              <value>
                <![CDATA[New Era Men's Heritage Blend 3/4-Sleeve Baseball Raglan Tee - Jostens School Store]]>
              </value>
            </param>
            <param index="2">
              <value>
                <![CDATA[Black/White]]>
              </value>
            </param>
            <param index="3">
              <value>
                <![CDATA[XL]]>
              </value>
            </param>
            <param index="4">
              <value>
                <![CDATA[1]]>
              </value>
            </param>
            <param index="5">
              <value>
                <![CDATA[Right Chest]]>
              </value>
            </param>
            <param index="6">
              <value>
                <![CDATA[31]]>
              </value>
            </param>
            <param index="7">
              <value>
                <![CDATA[35]]>
              </value>
            </param>
            <param index="8">
              <value>
                <![CDATA[11]]>
              </value>
            </param>
            <param index="9">
              <value>
                <![CDATA[7.7]]>
              </value>
            </param>
            <param index="10">
              <value>
                <![CDATA[Success - 2020/12/23 13:32:56]]>
              </value>
            </param>
            <param index="11">
              <value>
                <![CDATA[1]]>
              </value>
            </param>
          </params>
          <reporter-output>
          </reporter-output>
        </test-method> <!-- productSearchTest -->
        <test-method status="PASS" signature="afterMethod(org.testng.ITestResult)[pri:0, instance:com.jostens.qa.testcases.CProductDetailPageTest@5702b3b1]" name="afterMethod" is-config="true" duration-ms="137" started-at="2021-02-20T20:05:08 CST" finished-at="2021-02-20T20:05:08 CST">
          <params>
            <param index="0">
              <value>
                <![CDATA[[TestResult name=productSearchTest status=SUCCESS method=CProductDetailPageTest.productSearchTest(java.lang.String, java.lang.String, java.lang.String, java.lang.String, java.lang.String, java.lang.String, java.lang.String, java.lang.String, java.lang.String, java.lang.String, java.lang.String, java.lang.String)[pri:0, instance:com.jostens.qa.testcases.CProductDetailPageTest@5702b3b1] output={null}]]]>
              </value>
            </param>
          </params>
          <reporter-output>
          </reporter-output>
        </test-method> <!-- afterMethod -->
        <test-method status="PASS" signature="productSearchTest(java.lang.String, java.lang.String, java.lang.String, java.lang.String, java.lang.String, java.lang.String, java.lang.String, java.lang.String, java.lang.String, java.lang.String, java.lang.String, java.lang.String)[pri:0, instance:com.jostens.qa.testcases.CProductDetailPageTest@5702b3b1]" name="productSearchTest" duration-ms="38220" started-at="2021-02-20T20:05:08 CST" data-provider="inputs" finished-at="2021-02-20T20:05:46 CST">
          <params>
            <param index="0">
              <value>
                <![CDATA[New Era Women's Tri-Blend Fleece Pullover Hoodie]]>
              </value>
            </param>
            <param index="1">
              <value>
                <![CDATA[New Era Women's Tri-Blend Fleece Pullover Hoodie - Jostens School Store]]>
              </value>
            </param>
            <param index="2">
              <value>
                <![CDATA[Grey]]>
              </value>
            </param>
            <param index="3">
              <value>
                <![CDATA[M]]>
              </value>
            </param>
            <param index="4">
              <value>
                <![CDATA[2]]>
              </value>
            </param>
            <param index="5">
              <value>
                <![CDATA[Center Chest]]>
              </value>
            </param>
            <param index="6">
              <value>
                <![CDATA[40]]>
              </value>
            </param>
            <param index="7">
              <value>
                <![CDATA[40]]>
              </value>
            </param>
            <param index="8">
              <value>
                <![CDATA[25]]>
              </value>
            </param>
            <param index="9">
              <value>
                <![CDATA[17.5]]>
              </value>
            </param>
            <param index="10">
              <value>
                <![CDATA[Success - 2020/12/23 13:33:18]]>
              </value>
            </param>
            <param index="11">
              <value>
                <![CDATA[2]]>
              </value>
            </param>
          </params>
          <reporter-output>
          </reporter-output>
        </test-method> <!-- productSearchTest -->
        <test-method status="PASS" signature="afterMethod(org.testng.ITestResult)[pri:0, instance:com.jostens.qa.testcases.CProductDetailPageTest@5702b3b1]" name="afterMethod" is-config="true" duration-ms="127" started-at="2021-02-20T20:05:46 CST" finished-at="2021-02-20T20:05:46 CST">
          <params>
            <param index="0">
              <value>
                <![CDATA[[TestResult name=productSearchTest status=SUCCESS method=CProductDetailPageTest.productSearchTest(java.lang.String, java.lang.String, java.lang.String, java.lang.String, java.lang.String, java.lang.String, java.lang.String, java.lang.String, java.lang.String, java.lang.String, java.lang.String, java.lang.String)[pri:0, instance:com.jostens.qa.testcases.CProductDetailPageTest@5702b3b1] output={null}]]]>
              </value>
            </param>
          </params>
          <reporter-output>
          </reporter-output>
        </test-method> <!-- afterMethod -->
        <test-method status="PASS" signature="productSearchTest(java.lang.String, java.lang.String, java.lang.String, java.lang.String, java.lang.String, java.lang.String, java.lang.String, java.lang.String, java.lang.String, java.lang.String, java.lang.String, java.lang.String)[pri:0, instance:com.jostens.qa.testcases.CProductDetailPageTest@5702b3b1]" name="productSearchTest" duration-ms="37678" started-at="2021-02-20T20:05:46 CST" data-provider="inputs" finished-at="2021-02-20T20:06:24 CST">
          <params>
            <param index="0">
              <value>
                <![CDATA[3 Ply Sublimated Mask]]>
              </value>
            </param>
            <param index="1">
              <value>
                <![CDATA[3 Ply Sublimated Mask - Jostens School Store]]>
              </value>
            </param>
            <param index="2">
              <value>
                <![CDATA[White]]>
              </value>
            </param>
            <param index="3">
              <value>
                <![CDATA[L/XL]]>
              </value>
            </param>
            <param index="4">
              <value>
                <![CDATA[6]]>
              </value>
            </param>
            <param index="5">
              <value>
                <![CDATA[Mask Center]]>
              </value>
            </param>
            <param index="6">
              <value>
                <![CDATA[35]]>
              </value>
            </param>
            <param index="7">
              <value>
                <![CDATA[37]]>
              </value>
            </param>
            <param index="8">
              <value>
                <![CDATA[30]]>
              </value>
            </param>
            <param index="9">
              <value>
                <![CDATA[21]]>
              </value>
            </param>
            <param index="10">
              <value>
                <![CDATA[Success - 2020/12/23 13:33:43]]>
              </value>
            </param>
            <param index="11">
              <value>
                <![CDATA[3]]>
              </value>
            </param>
          </params>
          <reporter-output>
          </reporter-output>
        </test-method> <!-- productSearchTest -->
        <test-method status="PASS" signature="afterMethod(org.testng.ITestResult)[pri:0, instance:com.jostens.qa.testcases.CProductDetailPageTest@5702b3b1]" name="afterMethod" is-config="true" duration-ms="105" started-at="2021-02-20T20:06:24 CST" finished-at="2021-02-20T20:06:24 CST">
          <params>
            <param index="0">
              <value>
                <![CDATA[[TestResult name=productSearchTest status=SUCCESS method=CProductDetailPageTest.productSearchTest(java.lang.String, java.lang.String, java.lang.String, java.lang.String, java.lang.String, java.lang.String, java.lang.String, java.lang.String, java.lang.String, java.lang.String, java.lang.String, java.lang.String)[pri:0, instance:com.jostens.qa.testcases.CProductDetailPageTest@5702b3b1] output={null}]]]>
              </value>
            </param>
          </params>
          <reporter-output>
          </reporter-output>
        </test-method> <!-- afterMethod -->
      </class> <!-- com.jostens.qa.testcases.CProductDetailPageTest -->
      <class name="com.jostens.qa.testcases.BSearchSchoolPageTest">
        <test-method status="PASS" signature="beforeClass()[pri:0, instance:com.jostens.qa.testcases.BSearchSchoolPageTest@25bbe1b6]" name="beforeClass" is-config="true" duration-ms="151" started-at="2021-02-20T20:03:53 CST" finished-at="2021-02-20T20:03:53 CST">
          <reporter-output>
          </reporter-output>
        </test-method> <!-- beforeClass -->
        <test-method status="PASS" signature="searchSchoolTest(java.lang.String, java.lang.String, java.lang.String, java.lang.String)[pri:0, instance:com.jostens.qa.testcases.BSearchSchoolPageTest@25bbe1b6]" name="searchSchoolTest" duration-ms="19397" started-at="2021-02-20T20:03:54 CST" data-provider="inputs" finished-at="2021-02-20T20:04:13 CST">
          <params>
            <param index="0">
              <value>
                <![CDATA[Chaska High School]]>
              </value>
            </param>
            <param index="1">
              <value>
                <![CDATA[Chaska High School Chaska, MN Products - Graduation Products from Jostens]]>
              </value>
            </param>
            <param index="2">
              <value>
                <![CDATA[Success - 2021/02/20 19:45:47]]>
              </value>
            </param>
            <param index="3">
              <value>
                <![CDATA[1]]>
              </value>
            </param>
          </params>
          <reporter-output>
          </reporter-output>
        </test-method> <!-- searchSchoolTest -->
        <test-method status="PASS" signature="afterMethod(org.testng.ITestResult)[pri:0, instance:com.jostens.qa.testcases.BSearchSchoolPageTest@25bbe1b6]" name="afterMethod" is-config="true" duration-ms="194" started-at="2021-02-20T20:04:13 CST" finished-at="2021-02-20T20:04:13 CST">
          <params>
            <param index="0">
              <value>
                <![CDATA[[TestResult name=searchSchoolTest status=SUCCESS method=BSearchSchoolPageTest.searchSchoolTest(java.lang.String, java.lang.String, java.lang.String, java.lang.String)[pri:0, instance:com.jostens.qa.testcases.BSearchSchoolPageTest@25bbe1b6] output={null}]]]>
              </value>
            </param>
          </params>
          <reporter-output>
          </reporter-output>
        </test-method> <!-- afterMethod -->
      </class> <!-- com.jostens.qa.testcases.BSearchSchoolPageTest -->
      <class name="com.jostens.qa.testcases.ECheckoutPageTest">
        <test-method status="PASS" signature="beforeClass()[pri:0, instance:com.jostens.qa.testcases.ECheckoutPageTest@4b952a2d]" name="beforeClass" is-config="true" duration-ms="35" started-at="2021-02-20T20:06:33 CST" finished-at="2021-02-20T20:06:33 CST">
          <reporter-output>
          </reporter-output>
        </test-method> <!-- beforeClass -->
        <test-method status="FAIL" signature="proceedWithCheckoutTest(java.lang.String, java.lang.String, java.lang.String, java.lang.String, java.lang.String, java.lang.String, java.lang.String, java.lang.String, java.lang.String, java.lang.String, java.lang.String, java.lang.String, java.lang.String, java.lang.String, java.lang.String, java.lang.String, java.lang.String, java.lang.String)[pri:0, instance:com.jostens.qa.testcases.ECheckoutPageTest@4b952a2d]" name="proceedWithCheckoutTest" duration-ms="26071" started-at="2021-02-20T20:06:33 CST" data-provider="inputs" finished-at="2021-02-20T20:06:59 CST">
          <params>
            <param index="0">
              <value>
                <![CDATA[New Era Men's Heritage Blend 3/4-Sleeve Baseball Raglan Tee]]>
              </value>
            </param>
            <param index="1">
              <value>
                <![CDATA[1]]>
              </value>
            </param>
            <param index="2">
              <value>
                <![CDATA[$24.95]]>
              </value>
            </param>
            <param index="3">
              <value>
                <![CDATA[Information - Jostens School Store]]>
              </value>
            </param>
            <param index="4">
              <value>
                <![CDATA[Steve.VerMulm@gmail.com]]>
              </value>
            </param>
            <param index="5">
              <value>
                <![CDATA[No]]>
              </value>
            </param>
            <param index="6">
              <value>
                <![CDATA[Steven]]>
              </value>
            </param>
            <param index="7">
              <value>
                <![CDATA[VerMulm]]>
              </value>
            </param>
            <param index="8">
              <value>
                <![CDATA[409 5th Ave. South]]>
              </value>
            </param>
            <param index="9">
              <value>
                <![CDATA[Hopkins]]>
              </value>
            </param>
            <param index="10">
              <value>
                <![CDATA[United States]]>
              </value>
            </param>
            <param index="11">
              <value>
                <![CDATA[Minnesota]]>
              </value>
            </param>
            <param index="12">
              <value>
                <![CDATA[55343]]>
              </value>
            </param>
            <param index="13">
              <value>
                <![CDATA[7123635520]]>
              </value>
            </param>
            <param index="14">
              <value>
                <![CDATA[No]]>
              </value>
            </param>
            <param index="15">
              <value>
                <![CDATA[Failure - 2021/02/20 19:48:06]]>
              </value>
            </param>
            <param index="16">
              <value is-null="true"/>
            </param>
            <param index="17">
              <value>
                <![CDATA[1]]>
              </value>
            </param>
          </params>
          <exception class="java.lang.AssertionError">
            <message>
              <![CDATA[The following asserts failed:
expected [Information - Jostens School Store] but found [Information - Jostens School Store - Checkout]]]>
            </message>
            <full-stacktrace>
              <![CDATA[java.lang.AssertionError: The following asserts failed:
expected [Information - Jostens School Store] but found [Information - Jostens School Store - Checkout]
at org.testng.asserts.SoftAssert.assertAll(SoftAssert.java:47)
at org.testng.asserts.SoftAssert.assertAll(SoftAssert.java:31)
at com.jostens.qa.testcases.ECheckoutPageTest.proceedWithCheckoutTest(ECheckoutPageTest.java:86)
at sun.reflect.NativeMethodAccessorImpl.invoke0(Native Method)
at sun.reflect.NativeMethodAccessorImpl.invoke(NativeMethodAccessorImpl.java:62)
at sun.reflect.DelegatingMethodAccessorImpl.invoke(DelegatingMethodAccessorImpl.java:43)
at java.lang.reflect.Method.invoke(Method.java:498)
at org.testng.internal.MethodInvocationHelper.invokeMethod(MethodInvocationHelper.java:134)
at org.testng.internal.TestInvoker.invokeMethod(TestInvoker.java:597)
at org.testng.internal.TestInvoker.invokeTestMethod(TestInvoker.java:173)
at org.testng.internal.MethodRunner.runInSequence(MethodRunner.java:46)
at org.testng.internal.TestInvoker$MethodInvocationAgent.invoke(TestInvoker.java:816)
at org.testng.internal.TestInvoker.invokeTestMethods(TestInvoker.java:146)
at org.testng.internal.TestMethodWorker.invokeTestMethods(TestMethodWorker.java:146)
at org.testng.internal.TestMethodWorker.run(TestMethodWorker.java:128)
at java.util.ArrayList.forEach(ArrayList.java:1259)
at org.testng.TestRunner.privateRun(TestRunner.java:766)
at org.testng.TestRunner.run(TestRunner.java:587)
at org.testng.SuiteRunner.runTest(SuiteRunner.java:384)
at org.testng.SuiteRunner.runSequentially(SuiteRunner.java:378)
at org.testng.SuiteRunner.privateRun(SuiteRunner.java:337)
at org.testng.SuiteRunner.run(SuiteRunner.java:286)
at org.testng.SuiteRunnerWorker.runSuite(SuiteRunnerWorker.java:53)
at org.testng.SuiteRunnerWorker.run(SuiteRunnerWorker.java:96)
at org.testng.TestNG.runSuitesSequentially(TestNG.java:1187)
at org.testng.TestNG.runSuitesLocally(TestNG.java:1109)
at org.testng.TestNG.runSuites(TestNG.java:1039)
at org.testng.TestNG.run(TestNG.java:1007)
at org.apache.maven.surefire.testng.TestNGExecutor.run(TestNGExecutor.java:295)
at org.apache.maven.surefire.testng.TestNGXmlTestSuite.execute(TestNGXmlTestSuite.java:84)
at org.apache.maven.surefire.testng.TestNGProvider.invoke(TestNGProvider.java:90)
at org.apache.maven.surefire.booter.ForkedBooter.invokeProviderInSameClassLoader(ForkedBooter.java:203)
at org.apache.maven.surefire.booter.ForkedBooter.runSuitesInProcess(ForkedBooter.java:155)
at org.apache.maven.surefire.booter.ForkedBooter.main(ForkedBooter.java:103)
]]>
            </full-stacktrace>
          </exception> <!-- java.lang.AssertionError -->
          <reporter-output>
          </reporter-output>
        </test-method> <!-- proceedWithCheckoutTest -->
        <test-method status="PASS" signature="afterMethod(org.testng.ITestResult)[pri:0, instance:com.jostens.qa.testcases.ECheckoutPageTest@4b952a2d]" name="afterMethod" is-config="true" duration-ms="744" started-at="2021-02-20T20:06:59 CST" finished-at="2021-02-20T20:07:00 CST">
          <params>
            <param index="0">
              <value>
                <![CDATA[[TestResult name=proceedWithCheckoutTest status=FAILURE method=ECheckoutPageTest.proceedWithCheckoutTest(java.lang.String, java.lang.String, java.lang.String, java.lang.String, java.lang.String, java.lang.String, java.lang.String, java.lang.String, java.lang.String, java.lang.String, java.lang.String, java.lang.String, java.lang.String, java.lang.String, java.lang.String, java.lang.String, java.lang.String, java.lang.String)[pri:0, instance:com.jostens.qa.testcases.ECheckoutPageTest@4b952a2d] output={null}]]]>
              </value>
            </param>
          </params>
          <reporter-output>
          </reporter-output>
        </test-method> <!-- afterMethod -->
        <test-method status="PASS" signature="proceedWithCheckoutTest(java.lang.String, java.lang.String, java.lang.String, java.lang.String, java.lang.String, java.lang.String, java.lang.String, java.lang.String, java.lang.String, java.lang.String, java.lang.String, java.lang.String, java.lang.String, java.lang.String, java.lang.String, java.lang.String, java.lang.String, java.lang.String)[pri:0, instance:com.jostens.qa.testcases.ECheckoutPageTest@4b952a2d]" name="proceedWithCheckoutTest" duration-ms="23736" started-at="2021-02-20T20:07:00 CST" data-provider="inputs" finished-at="2021-02-20T20:07:24 CST">
          <params>
            <param index="0">
              <value>
                <![CDATA[New Era Women's Tri-Blend Fleece Pullover Hoodie]]>
              </value>
            </param>
            <param index="1">
              <value>
                <![CDATA[1]]>
              </value>
            </param>
            <param index="2">
              <value>
                <![CDATA[$35.95]]>
              </value>
            </param>
            <param index="3">
              <value>
                <![CDATA[Information - Jostens School Store - Checkout]]>
              </value>
            </param>
            <param index="4">
              <value>
                <![CDATA[Steve.VerMulm@gmail.com]]>
              </value>
            </param>
            <param index="5">
              <value>
                <![CDATA[No]]>
              </value>
            </param>
            <param index="6">
              <value>
                <![CDATA[Ashlyn]]>
              </value>
            </param>
            <param index="7">
              <value>
                <![CDATA[Ambrose]]>
              </value>
            </param>
            <param index="8">
              <value>
                <![CDATA[409 Beachcomber Drive]]>
              </value>
            </param>
            <param index="9">
              <value>
                <![CDATA[Lake Park]]>
              </value>
            </param>
            <param index="10">
              <value>
                <![CDATA[United States]]>
              </value>
            </param>
            <param index="11">
              <value>
                <![CDATA[Iowa]]>
              </value>
            </param>
            <param index="12">
              <value>
                <![CDATA[51347]]>
              </value>
            </param>
            <param index="13">
              <value>
                <![CDATA[7123632575]]>
              </value>
            </param>
            <param index="14">
              <value>
                <![CDATA[No]]>
              </value>
            </param>
            <param index="15">
              <value>
                <![CDATA[Success - 2021/02/20 19:48:24]]>
              </value>
            </param>
            <param index="16">
              <value is-null="true"/>
            </param>
            <param index="17">
              <value>
                <![CDATA[2]]>
              </value>
            </param>
          </params>
          <reporter-output>
          </reporter-output>
        </test-method> <!-- proceedWithCheckoutTest -->
        <test-method status="PASS" signature="afterMethod(org.testng.ITestResult)[pri:0, instance:com.jostens.qa.testcases.ECheckoutPageTest@4b952a2d]" name="afterMethod" is-config="true" duration-ms="77" started-at="2021-02-20T20:07:24 CST" finished-at="2021-02-20T20:07:24 CST">
          <params>
            <param index="0">
              <value>
                <![CDATA[[TestResult name=proceedWithCheckoutTest status=SUCCESS method=ECheckoutPageTest.proceedWithCheckoutTest(java.lang.String, java.lang.String, java.lang.String, java.lang.String, java.lang.String, java.lang.String, java.lang.String, java.lang.String, java.lang.String, java.lang.String, java.lang.String, java.lang.String, java.lang.String, java.lang.String, java.lang.String, java.lang.String, java.lang.String, java.lang.String)[pri:0, instance:com.jostens.qa.testcases.ECheckoutPageTest@4b952a2d] output={null}]]]>
              </value>
            </param>
          </params>
          <reporter-output>
          </reporter-output>
        </test-method> <!-- afterMethod -->
        <test-method status="PASS" signature="proceedWithCheckoutTest(java.lang.String, java.lang.String, java.lang.String, java.lang.String, java.lang.String, java.lang.String, java.lang.String, java.lang.String, java.lang.String, java.lang.String, java.lang.String, java.lang.String, java.lang.String, java.lang.String, java.lang.String, java.lang.String, java.lang.String, java.lang.String)[pri:0, instance:com.jostens.qa.testcases.ECheckoutPageTest@4b952a2d]" name="proceedWithCheckoutTest" duration-ms="21218" started-at="2021-02-20T20:07:24 CST" data-provider="inputs" finished-at="2021-02-20T20:07:45 CST">
          <params>
            <param index="0">
              <value>
                <![CDATA[3 Ply Sublimated Mask]]>
              </value>
            </param>
            <param index="1">
              <value>
                <![CDATA[1]]>
              </value>
            </param>
            <param index="2">
              <value>
                <![CDATA[$18.95]]>
              </value>
            </param>
            <param index="3">
              <value>
                <![CDATA[Information - Jostens School Store - Checkout]]>
              </value>
            </param>
            <param index="4">
              <value>
                <![CDATA[Steve.VerMulm@gmail.com]]>
              </value>
            </param>
            <param index="5">
              <value>
                <![CDATA[No]]>
              </value>
            </param>
            <param index="6">
              <value>
                <![CDATA[Cynthia]]>
              </value>
            </param>
            <param index="7">
              <value>
                <![CDATA[Ambrosia]]>
              </value>
            </param>
            <param index="8">
              <value>
                <![CDATA[62310 Lake View Road]]>
              </value>
            </param>
            <param index="9">
              <value>
                <![CDATA[Madison Lake]]>
              </value>
            </param>
            <param index="10">
              <value>
                <![CDATA[United States]]>
              </value>
            </param>
            <param index="11">
              <value>
                <![CDATA[Minnesota]]>
              </value>
            </param>
            <param index="12">
              <value>
                <![CDATA[56063]]>
              </value>
            </param>
            <param index="13">
              <value>
                <![CDATA[7123635519]]>
              </value>
            </param>
            <param index="14">
              <value>
                <![CDATA[No]]>
              </value>
            </param>
            <param index="15">
              <value>
                <![CDATA[Success - 2021/02/20 19:48:43]]>
              </value>
            </param>
            <param index="16">
              <value is-null="true"/>
            </param>
            <param index="17">
              <value>
                <![CDATA[3]]>
              </value>
            </param>
          </params>
          <reporter-output>
          </reporter-output>
        </test-method> <!-- proceedWithCheckoutTest -->
        <test-method status="PASS" signature="afterMethod(org.testng.ITestResult)[pri:0, instance:com.jostens.qa.testcases.ECheckoutPageTest@4b952a2d]" name="afterMethod" is-config="true" duration-ms="80" started-at="2021-02-20T20:07:45 CST" finished-at="2021-02-20T20:07:45 CST">
          <params>
            <param index="0">
              <value>
                <![CDATA[[TestResult name=proceedWithCheckoutTest status=SUCCESS method=ECheckoutPageTest.proceedWithCheckoutTest(java.lang.String, java.lang.String, java.lang.String, java.lang.String, java.lang.String, java.lang.String, java.lang.String, java.lang.String, java.lang.String, java.lang.String, java.lang.String, java.lang.String, java.lang.String, java.lang.String, java.lang.String, java.lang.String, java.lang.String, java.lang.String)[pri:0, instance:com.jostens.qa.testcases.ECheckoutPageTest@4b952a2d] output={null}]]]>
              </value>
            </param>
          </params>
          <reporter-output>
          </reporter-output>
        </test-method> <!-- afterMethod -->
      </class> <!-- com.jostens.qa.testcases.ECheckoutPageTest -->
      <class name="com.jostens.qa.testcases.DShoppingCartPageTest">
        <test-method status="PASS" signature="beforeClass()[pri:0, instance:com.jostens.qa.testcases.DShoppingCartPageTest@69ea3742]" name="beforeClass" is-config="true" duration-ms="41" started-at="2021-02-20T20:06:24 CST" finished-at="2021-02-20T20:06:24 CST">
          <reporter-output>
          </reporter-output>
        </test-method> <!-- beforeClass -->
        <test-method status="PASS" signature="addProductToCartTest(java.lang.String, java.lang.String, java.lang.String, java.lang.String, java.lang.String, java.lang.String, java.lang.String, java.lang.String)[pri:0, instance:com.jostens.qa.testcases.DShoppingCartPageTest@69ea3742]" name="addProductToCartTest" duration-ms="5662" started-at="2021-02-20T20:06:24 CST" data-provider="inputs" finished-at="2021-02-20T20:06:30 CST">
          <params>
            <param index="0">
              <value>
                <![CDATA[New Era Men's Heritage Blend 3/4-Sleeve Baseball Raglan Tee]]>
              </value>
            </param>
            <param index="1">
              <value>
                <![CDATA[Your Shopping Cart - Jostens School Store]]>
              </value>
            </param>
            <param index="2">
              <value>
                <![CDATA[$27.95]]>
              </value>
            </param>
            <param index="3">
              <value>
                <![CDATA[1]]>
              </value>
            </param>
            <param index="4">
              <value>
                <![CDATA[$27.95]]>
              </value>
            </param>
            <param index="5">
              <value>
                <![CDATA[$85.85]]>
              </value>
            </param>
            <param index="6">
              <value>
                <![CDATA[Success - 2021/02/20 19:47:40]]>
              </value>
            </param>
            <param index="7">
              <value>
                <![CDATA[1]]>
              </value>
            </param>
          </params>
          <reporter-output>
          </reporter-output>
        </test-method> <!-- addProductToCartTest -->
        <test-method status="PASS" signature="afterMethod(org.testng.ITestResult)[pri:0, instance:com.jostens.qa.testcases.DShoppingCartPageTest@69ea3742]" name="afterMethod" is-config="true" duration-ms="91" started-at="2021-02-20T20:06:30 CST" finished-at="2021-02-20T20:06:30 CST">
          <params>
            <param index="0">
              <value>
                <![CDATA[[TestResult name=addProductToCartTest status=SUCCESS method=DShoppingCartPageTest.addProductToCartTest(java.lang.String, java.lang.String, java.lang.String, java.lang.String, java.lang.String, java.lang.String, java.lang.String, java.lang.String)[pri:0, instance:com.jostens.qa.testcases.DShoppingCartPageTest@69ea3742] output={null}]]]>
              </value>
            </param>
          </params>
          <reporter-output>
          </reporter-output>
        </test-method> <!-- afterMethod -->
        <test-method status="PASS" signature="addProductToCartTest(java.lang.String, java.lang.String, java.lang.String, java.lang.String, java.lang.String, java.lang.String, java.lang.String, java.lang.String)[pri:0, instance:com.jostens.qa.testcases.DShoppingCartPageTest@69ea3742]" name="addProductToCartTest" duration-ms="1991" started-at="2021-02-20T20:06:30 CST" data-provider="inputs" finished-at="2021-02-20T20:06:32 CST">
          <params>
            <param index="0">
              <value>
                <![CDATA[New Era Women's Tri-Blend Fleece Pullover Hoodie]]>
              </value>
            </param>
            <param index="1">
              <value>
                <![CDATA[Your Shopping Cart - Jostens School Store]]>
              </value>
            </param>
            <param index="2">
              <value>
                <![CDATA[$38.95]]>
              </value>
            </param>
            <param index="3">
              <value>
                <![CDATA[1]]>
              </value>
            </param>
            <param index="4">
              <value>
                <![CDATA[$38.95]]>
              </value>
            </param>
            <param index="5">
              <value>
                <![CDATA[$85.85]]>
              </value>
            </param>
            <param index="6">
              <value>
                <![CDATA[Success - 2021/02/20 19:47:42]]>
              </value>
            </param>
            <param index="7">
              <value>
                <![CDATA[2]]>
              </value>
            </param>
          </params>
          <reporter-output>
          </reporter-output>
        </test-method> <!-- addProductToCartTest -->
        <test-method status="PASS" signature="afterMethod(org.testng.ITestResult)[pri:0, instance:com.jostens.qa.testcases.DShoppingCartPageTest@69ea3742]" name="afterMethod" is-config="true" duration-ms="88" started-at="2021-02-20T20:06:32 CST" finished-at="2021-02-20T20:06:32 CST">
          <params>
            <param index="0">
              <value>
                <![CDATA[[TestResult name=addProductToCartTest status=SUCCESS method=DShoppingCartPageTest.addProductToCartTest(java.lang.String, java.lang.String, java.lang.String, java.lang.String, java.lang.String, java.lang.String, java.lang.String, java.lang.String)[pri:0, instance:com.jostens.qa.testcases.DShoppingCartPageTest@69ea3742] output={null}]]]>
              </value>
            </param>
          </params>
          <reporter-output>
          </reporter-output>
        </test-method> <!-- afterMethod -->
        <test-method status="PASS" signature="addProductToCartTest(java.lang.String, java.lang.String, java.lang.String, java.lang.String, java.lang.String, java.lang.String, java.lang.String, java.lang.String)[pri:0, instance:com.jostens.qa.testcases.DShoppingCartPageTest@69ea3742]" name="addProductToCartTest" duration-ms="1442" started-at="2021-02-20T20:06:32 CST" data-provider="inputs" finished-at="2021-02-20T20:06:33 CST">
          <params>
            <param index="0">
              <value>
                <![CDATA[3 Ply Sublimated Mask]]>
              </value>
            </param>
            <param index="1">
              <value>
                <![CDATA[Your Shopping Cart - Jostens School Store]]>
              </value>
            </param>
            <param index="2">
              <value>
                <![CDATA[$18.95]]>
              </value>
            </param>
            <param index="3">
              <value>
                <![CDATA[1]]>
              </value>
            </param>
            <param index="4">
              <value>
                <![CDATA[$18.95]]>
              </value>
            </param>
            <param index="5">
              <value>
                <![CDATA[$85.85]]>
              </value>
            </param>
            <param index="6">
              <value>
                <![CDATA[Success - 2021/02/20 19:47:43]]>
              </value>
            </param>
            <param index="7">
              <value>
                <![CDATA[3]]>
              </value>
            </param>
          </params>
          <reporter-output>
          </reporter-output>
        </test-method> <!-- addProductToCartTest -->
        <test-method status="PASS" signature="afterMethod(org.testng.ITestResult)[pri:0, instance:com.jostens.qa.testcases.DShoppingCartPageTest@69ea3742]" name="afterMethod" is-config="true" duration-ms="86" started-at="2021-02-20T20:06:33 CST" finished-at="2021-02-20T20:06:33 CST">
          <params>
            <param index="0">
              <value>
                <![CDATA[[TestResult name=addProductToCartTest status=SUCCESS method=DShoppingCartPageTest.addProductToCartTest(java.lang.String, java.lang.String, java.lang.String, java.lang.String, java.lang.String, java.lang.String, java.lang.String, java.lang.String)[pri:0, instance:com.jostens.qa.testcases.DShoppingCartPageTest@69ea3742] output={null}]]]>
              </value>
            </param>
          </params>
          <reporter-output>
          </reporter-output>
        </test-method> <!-- afterMethod -->
      </class> <!-- com.jostens.qa.testcases.DShoppingCartPageTest -->
      <class name="com.jostens.qa.testcases.ALoginPageTest">
        <test-method status="PASS" signature="beforeSuite()[pri:0, instance:com.jostens.qa.testcases.ALoginPageTest@ff5b51f]" name="beforeSuite" is-config="true" duration-ms="18782" started-at="2021-02-20T20:02:50 CST" finished-at="2021-02-20T20:03:09 CST">
          <reporter-output>
          </reporter-output>
        </test-method> <!-- beforeSuite -->
        <test-method status="PASS" signature="beforeClass()[pri:0, instance:com.jostens.qa.testcases.ALoginPageTest@ff5b51f]" name="beforeClass" is-config="true" duration-ms="174" started-at="2021-02-20T20:03:09 CST" finished-at="2021-02-20T20:03:09 CST">
          <reporter-output>
          </reporter-output>
        </test-method> <!-- beforeClass -->
        <test-method status="FAIL" signature="loginTest()[pri:0, instance:com.jostens.qa.testcases.ALoginPageTest@ff5b51f]" name="loginTest" duration-ms="37076" started-at="2021-02-20T20:03:09 CST" finished-at="2021-02-20T20:03:46 CST">
          <exception class="org.openqa.selenium.NoSuchElementException">
            <message>
              <![CDATA[An element could not be located on the page using the given search parameters. (WARNING: The server did not provide any stacktrace information)
Command duration or timeout: 0 milliseconds
For documentation on this error, please visit: https://www.seleniumhq.org/exceptions/no_such_element.html
Build info: version: '3.141.59', revision: 'e82be7d358', time: '2018-11-14T08:17:03'
System info: host: 'DESKTOP-LTKBB09', ip: '192.168.1.6', os.name: 'Windows 10', os.arch: 'amd64', os.version: '10.0', java.version: '1.8.0_271'
Driver info: org.openqa.selenium.remote.RemoteWebDriver
Capabilities {acceptInsecureCerts: false, acceptSslCerts: false, applicationCacheEnabled: false, browserConnectionEnabled: false, browserName: chrome, chrome: {chromedriverVersion: 81.0.4044.69 (6813546031a4b..., userDataDir: C:\Windows\proxy\scoped_dir...}, cssSelectorsEnabled: true, databaseEnabled: false, goog:chromeOptions: {debuggerAddress: localhost:3445}, handlesAlerts: true, hasTouchScreen: false, javascriptEnabled: true, locationContextEnabled: true, mobileEmulationEnabled: false, nativeEvents: true, networkConnectionEnabled: false, pageLoadStrategy: normal, platform: WINDOWS, platformName: WINDOWS, rotatable: false, setWindowRect: true, strictFileInteractability: false, takesHeapSnapshot: true, takesScreenshot: true, timeouts: {implicit: 0, pageLoad: 300000, script: 30000}, unexpectedAlertBehaviour: ignore, unhandledPromptBehavior: ignore, version: 81.0.4044.129, webStorageEnabled: true, webauthn:virtualAuthenticators: true, webdriver.remote.sessionid: d2a106c03e2e6a8ceb19f6fec84...}
Session ID: d2a106c03e2e6a8ceb19f6fec844f026f309b985
*** Element info: {Using=xpath, value=//a[@id='sign-in-dropdown-toggle__utility-bar']}]]>
            </message>
            <full-stacktrace>
              <![CDATA[org.openqa.selenium.NoSuchElementException: An element could not be located on the page using the given search parameters. (WARNING: The server did not provide any stacktrace information)
Command duration or timeout: 0 milliseconds
For documentation on this error, please visit: https://www.seleniumhq.org/exceptions/no_such_element.html
Build info: version: '3.141.59', revision: 'e82be7d358', time: '2018-11-14T08:17:03'
System info: host: 'DESKTOP-LTKBB09', ip: '192.168.1.6', os.name: 'Windows 10', os.arch: 'amd64', os.version: '10.0', java.version: '1.8.0_271'
Driver info: org.openqa.selenium.remote.RemoteWebDriver
Capabilities {acceptInsecureCerts: false, acceptSslCerts: false, applicationCacheEnabled: false, browserConnectionEnabled: false, browserName: chrome, chrome: {chromedriverVersion: 81.0.4044.69 (6813546031a4b..., userDataDir: C:\Windows\proxy\scoped_dir...}, cssSelectorsEnabled: true, databaseEnabled: false, goog:chromeOptions: {debuggerAddress: localhost:3445}, handlesAlerts: true, hasTouchScreen: false, javascriptEnabled: true, locationContextEnabled: true, mobileEmulationEnabled: false, nativeEvents: true, networkConnectionEnabled: false, pageLoadStrategy: normal, platform: WINDOWS, platformName: WINDOWS, rotatable: false, setWindowRect: true, strictFileInteractability: false, takesHeapSnapshot: true, takesScreenshot: true, timeouts: {implicit: 0, pageLoad: 300000, script: 30000}, unexpectedAlertBehaviour: ignore, unhandledPromptBehavior: ignore, version: 81.0.4044.129, webStorageEnabled: true, webauthn:virtualAuthenticators: true, webdriver.remote.sessionid: d2a106c03e2e6a8ceb19f6fec84...}
Session ID: d2a106c03e2e6a8ceb19f6fec844f026f309b985
*** Element info: {Using=xpath, value=//a[@id='sign-in-dropdown-toggle__utility-bar']}
at sun.reflect.NativeConstructorAccessorImpl.newInstance0(Native Method)
at sun.reflect.NativeConstructorAccessorImpl.newInstance(NativeConstructorAccessorImpl.java:62)
at sun.reflect.DelegatingConstructorAccessorImpl.newInstance(DelegatingConstructorAccessorImpl.java:45)
at java.lang.reflect.Constructor.newInstance(Constructor.java:423)
at org.openqa.selenium.remote.ErrorHandler.createThrowable(ErrorHandler.java:214)
at org.openqa.selenium.remote.ErrorHandler.throwIfResponseFailed(ErrorHandler.java:166)
at org.openqa.selenium.remote.http.JsonHttpResponseCodec.reconstructValue(JsonHttpResponseCodec.java:40)
at org.openqa.selenium.remote.http.AbstractHttpResponseCodec.decode(AbstractHttpResponseCodec.java:80)
at org.openqa.selenium.remote.http.AbstractHttpResponseCodec.decode(AbstractHttpResponseCodec.java:44)
at org.openqa.selenium.remote.HttpCommandExecutor.execute(HttpCommandExecutor.java:158)
at org.openqa.selenium.remote.RemoteWebDriver.execute(RemoteWebDriver.java:552)
at org.openqa.selenium.remote.RemoteWebDriver.findElement(RemoteWebDriver.java:323)
at org.openqa.selenium.remote.RemoteWebDriver.findElementByXPath(RemoteWebDriver.java:428)
at org.openqa.selenium.By$ByXPath.findElement(By.java:353)
at org.openqa.selenium.remote.RemoteWebDriver.findElement(RemoteWebDriver.java:315)
at sun.reflect.NativeMethodAccessorImpl.invoke0(Native Method)
at sun.reflect.NativeMethodAccessorImpl.invoke(NativeMethodAccessorImpl.java:62)
at sun.reflect.DelegatingMethodAccessorImpl.invoke(DelegatingMethodAccessorImpl.java:43)
at java.lang.reflect.Method.invoke(Method.java:498)
at org.openqa.selenium.support.events.EventFiringWebDriver.lambda$new$1(EventFiringWebDriver.java:105)
at com.sun.proxy.$Proxy7.findElement(Unknown Source)
at org.openqa.selenium.support.events.EventFiringWebDriver.findElement(EventFiringWebDriver.java:194)
at org.openqa.selenium.support.pagefactory.DefaultElementLocator.findElement(DefaultElementLocator.java:69)
at org.openqa.selenium.support.pagefactory.internal.LocatingElementHandler.invoke(LocatingElementHandler.java:38)
at com.sun.proxy.$Proxy11.click(Unknown Source)
at com.jostens.qa.pages.LoginPage.login(LoginPage.java:72)
at com.jostens.qa.testcases.ALoginPageTest.loginTest(ALoginPageTest.java:55)
at sun.reflect.NativeMethodAccessorImpl.invoke0(Native Method)
at sun.reflect.NativeMethodAccessorImpl.invoke(NativeMethodAccessorImpl.java:62)
at sun.reflect.DelegatingMethodAccessorImpl.invoke(DelegatingMethodAccessorImpl.java:43)
at java.lang.reflect.Method.invoke(Method.java:498)
at org.testng.internal.MethodInvocationHelper.invokeMethod(MethodInvocationHelper.java:134)
at org.testng.internal.TestInvoker.invokeMethod(TestInvoker.java:597)
at org.testng.internal.TestInvoker.invokeTestMethod(TestInvoker.java:173)
at org.testng.internal.MethodRunner.runInSequence(MethodRunner.java:46)
at org.testng.internal.TestInvoker$MethodInvocationAgent.invoke(TestInvoker.java:816)
at org.testng.internal.TestInvoker.invokeTestMethods(TestInvoker.java:146)
at org.testng.internal.TestMethodWorker.invokeTestMethods(TestMethodWorker.java:146)
at org.testng.internal.TestMethodWorker.run(TestMethodWorker.java:128)
at java.util.ArrayList.forEach(ArrayList.java:1259)
at org.testng.TestRunner.privateRun(TestRunner.java:766)
at org.testng.TestRunner.run(TestRunner.java:587)
at org.testng.SuiteRunner.runTest(SuiteRunner.java:384)
at org.testng.SuiteRunner.runSequentially(SuiteRunner.java:378)
at org.testng.SuiteRunner.privateRun(SuiteRunner.java:337)
at org.testng.SuiteRunner.run(SuiteRunner.java:286)
at org.testng.SuiteRunnerWorker.runSuite(SuiteRunnerWorker.java:53)
at org.testng.SuiteRunnerWorker.run(SuiteRunnerWorker.java:96)
at org.testng.TestNG.runSuitesSequentially(TestNG.java:1187)
at org.testng.TestNG.runSuitesLocally(TestNG.java:1109)
at org.testng.TestNG.runSuites(TestNG.java:1039)
at org.testng.TestNG.run(TestNG.java:1007)
at org.apache.maven.surefire.testng.TestNGExecutor.run(TestNGExecutor.java:295)
at org.apache.maven.surefire.testng.TestNGXmlTestSuite.execute(TestNGXmlTestSuite.java:84)
at org.apache.maven.surefire.testng.TestNGProvider.invoke(TestNGProvider.java:90)
at org.apache.maven.surefire.booter.ForkedBooter.invokeProviderInSameClassLoader(ForkedBooter.java:203)
at org.apache.maven.surefire.booter.ForkedBooter.runSuitesInProcess(ForkedBooter.java:155)
at org.apache.maven.surefire.booter.ForkedBooter.main(ForkedBooter.java:103)
]]>
            </full-stacktrace>
          </exception> <!-- org.openqa.selenium.NoSuchElementException -->
          <reporter-output>
          </reporter-output>
        </test-method> <!-- loginTest -->
        <test-method status="PASS" signature="afterMethod(org.testng.ITestResult)[pri:0, instance:com.jostens.qa.testcases.ALoginPageTest@ff5b51f]" name="afterMethod" is-config="true" duration-ms="7088" started-at="2021-02-20T20:03:46 CST" finished-at="2021-02-20T20:03:53 CST">
          <params>
            <param index="0">
              <value>
                <![CDATA[[TestResult name=loginTest status=FAILURE method=ALoginPageTest.loginTest()[pri:0, instance:com.jostens.qa.testcases.ALoginPageTest@ff5b51f] output={null}]]]>
              </value>
            </param>
          </params>
          <reporter-output>
          </reporter-output>
        </test-method> <!-- afterMethod -->
        <test-method status="PASS" signature="afterSuite()[pri:0, instance:com.jostens.qa.testcases.ALoginPageTest@ff5b51f]" name="afterSuite" is-config="true" duration-ms="88" started-at="2021-02-20T20:07:45 CST" finished-at="2021-02-20T20:07:46 CST">
          <reporter-output>
          </reporter-output>
        </test-method> <!-- afterSuite -->
      </class> <!-- com.jostens.qa.testcases.ALoginPageTest -->
      <class name="com.jostens.qa.testcases.FPaymentPageTest">
        <test-method status="PASS" signature="beforeClass()[pri:0, instance:com.jostens.qa.testcases.FPaymentPageTest@3159c4b8]" name="beforeClass" is-config="true" duration-ms="37" started-at="2021-02-20T20:07:45 CST" finished-at="2021-02-20T20:07:45 CST">
          <reporter-output>
          </reporter-output>
        </test-method> <!-- beforeClass -->
        <test-method status="SKIP" signature="paymentPageTest(java.lang.String, java.lang.String, java.lang.String, java.lang.String, java.lang.String, java.lang.String, java.lang.String, java.lang.String)[pri:0, instance:com.jostens.qa.testcases.FPaymentPageTest@3159c4b8]" name="paymentPageTest" duration-ms="0" started-at="2021-02-20T20:07:45 CST" data-provider="inputs" finished-at="2021-02-20T20:07:45 CST">
          <params>
            <param index="0">
              <value>
                <![CDATA[]]>
              </value>
            </param>
            <param index="1">
              <value>
                <![CDATA[]]>
              </value>
            </param>
            <param index="2">
              <value>
                <![CDATA[]]>
              </value>
            </param>
            <param index="3">
              <value>
                <![CDATA[]]>
              </value>
            </param>
            <param index="4">
              <value>
                <![CDATA[]]>
              </value>
            </param>
            <param index="5">
              <value>
                <![CDATA[Success - 2021/02/15 21:57:59]]>
              </value>
            </param>
            <param index="6">
              <value>
                <![CDATA[If no data in row, the @Test will be skipped]]>
              </value>
            </param>
            <param index="7">
              <value>
                <![CDATA[1]]>
              </value>
            </param>
          </params>
          <exception class="org.testng.SkipException">
            <message>
              <![CDATA[Skipping '@Test=gtest' due to a lack of data]]>
            </message>
            <full-stacktrace>
              <![CDATA[org.testng.SkipException: Skipping '@Test=gtest' due to a lack of data
at com.jostens.qa.testcases.FPaymentPageTest.paymentPageTest(FPaymentPageTest.java:48)
at sun.reflect.NativeMethodAccessorImpl.invoke0(Native Method)
at sun.reflect.NativeMethodAccessorImpl.invoke(NativeMethodAccessorImpl.java:62)
at sun.reflect.DelegatingMethodAccessorImpl.invoke(DelegatingMethodAccessorImpl.java:43)
at java.lang.reflect.Method.invoke(Method.java:498)
at org.testng.internal.MethodInvocationHelper.invokeMethod(MethodInvocationHelper.java:134)
at org.testng.internal.TestInvoker.invokeMethod(TestInvoker.java:597)
at org.testng.internal.TestInvoker.invokeTestMethod(TestInvoker.java:173)
at org.testng.internal.MethodRunner.runInSequence(MethodRunner.java:46)
at org.testng.internal.TestInvoker$MethodInvocationAgent.invoke(TestInvoker.java:816)
at org.testng.internal.TestInvoker.invokeTestMethods(TestInvoker.java:146)
at org.testng.internal.TestMethodWorker.invokeTestMethods(TestMethodWorker.java:146)
at org.testng.internal.TestMethodWorker.run(TestMethodWorker.java:128)
at java.util.ArrayList.forEach(ArrayList.java:1259)
at org.testng.TestRunner.privateRun(TestRunner.java:766)
at org.testng.TestRunner.run(TestRunner.java:587)
at org.testng.SuiteRunner.runTest(SuiteRunner.java:384)
at org.testng.SuiteRunner.runSequentially(SuiteRunner.java:378)
at org.testng.SuiteRunner.privateRun(SuiteRunner.java:337)
at org.testng.SuiteRunner.run(SuiteRunner.java:286)
at org.testng.SuiteRunnerWorker.runSuite(SuiteRunnerWorker.java:53)
at org.testng.SuiteRunnerWorker.run(SuiteRunnerWorker.java:96)
at org.testng.TestNG.runSuitesSequentially(TestNG.java:1187)
at org.testng.TestNG.runSuitesLocally(TestNG.java:1109)
at org.testng.TestNG.runSuites(TestNG.java:1039)
at org.testng.TestNG.run(TestNG.java:1007)
at org.apache.maven.surefire.testng.TestNGExecutor.run(TestNGExecutor.java:295)
at org.apache.maven.surefire.testng.TestNGXmlTestSuite.execute(TestNGXmlTestSuite.java:84)
at org.apache.maven.surefire.testng.TestNGProvider.invoke(TestNGProvider.java:90)
at org.apache.maven.surefire.booter.ForkedBooter.invokeProviderInSameClassLoader(ForkedBooter.java:203)
at org.apache.maven.surefire.booter.ForkedBooter.runSuitesInProcess(ForkedBooter.java:155)
at org.apache.maven.surefire.booter.ForkedBooter.main(ForkedBooter.java:103)
]]>
            </full-stacktrace>
          </exception> <!-- org.testng.SkipException -->
          <reporter-output>
          </reporter-output>
        </test-method> <!-- paymentPageTest -->
        <test-method status="PASS" signature="afterMethod(org.testng.ITestResult)[pri:0, instance:com.jostens.qa.testcases.FPaymentPageTest@3159c4b8]" name="afterMethod" is-config="true" duration-ms="35" started-at="2021-02-20T20:07:45 CST" finished-at="2021-02-20T20:07:45 CST">
          <params>
            <param index="0">
              <value>
                <![CDATA[[TestResult name=paymentPageTest status=SKIP method=FPaymentPageTest.paymentPageTest(java.lang.String, java.lang.String, java.lang.String, java.lang.String, java.lang.String, java.lang.String, java.lang.String, java.lang.String)[pri:0, instance:com.jostens.qa.testcases.FPaymentPageTest@3159c4b8] output={null}]]]>
              </value>
            </param>
          </params>
          <reporter-output>
          </reporter-output>
        </test-method> <!-- afterMethod -->
      </class> <!-- com.jostens.qa.testcases.FPaymentPageTest -->
    </test> <!-- Regression Chrome -->
  </suite> <!-- TestSuite -->
  <suite name="TestSuite (0)" duration-ms="210873" started-at="2021-02-20T20:07:46 CST" finished-at="2021-02-20T20:11:16 CST">
    <groups>
    </groups>
    <test name="Regression Chrome" duration-ms="210873" started-at="2021-02-20T20:07:46 CST" finished-at="2021-02-20T20:11:16 CST">
      <class name="com.jostens.qa.testcases.CProductDetailPageTest">
        <test-method status="PASS" signature="beforeClass()[pri:0, instance:com.jostens.qa.testcases.CProductDetailPageTest@3632be31]" name="beforeClass" is-config="true" duration-ms="13" started-at="2021-02-20T20:08:24 CST" finished-at="2021-02-20T20:08:24 CST">
          <reporter-output>
          </reporter-output>
        </test-method> <!-- beforeClass -->
        <test-method status="PASS" signature="productSearchTest(java.lang.String, java.lang.String, java.lang.String, java.lang.String, java.lang.String, java.lang.String, java.lang.String, java.lang.String, java.lang.String, java.lang.String, java.lang.String, java.lang.String)[pri:0, instance:com.jostens.qa.testcases.CProductDetailPageTest@3632be31]" name="productSearchTest" duration-ms="41709" started-at="2021-02-20T20:08:24 CST" data-provider="inputs" finished-at="2021-02-20T20:09:05 CST">
          <params>
            <param index="0">
              <value>
                <![CDATA[New Era Men's Heritage Blend 3/4-Sleeve Baseball Raglan Tee]]>
              </value>
            </param>
            <param index="1">
              <value>
                <![CDATA[New Era Men's Heritage Blend 3/4-Sleeve Baseball Raglan Tee - Jostens School Store]]>
              </value>
            </param>
            <param index="2">
              <value>
                <![CDATA[Black/White]]>
              </value>
            </param>
            <param index="3">
              <value>
                <![CDATA[XL]]>
              </value>
            </param>
            <param index="4">
              <value>
                <![CDATA[1]]>
              </value>
            </param>
            <param index="5">
              <value>
                <![CDATA[Right Chest]]>
              </value>
            </param>
            <param index="6">
              <value>
                <![CDATA[31]]>
              </value>
            </param>
            <param index="7">
              <value>
                <![CDATA[35]]>
              </value>
            </param>
            <param index="8">
              <value>
                <![CDATA[11]]>
              </value>
            </param>
            <param index="9">
              <value>
                <![CDATA[7.7]]>
              </value>
            </param>
            <param index="10">
              <value>
                <![CDATA[Success - 2020/12/23 13:32:56]]>
              </value>
            </param>
            <param index="11">
              <value>
                <![CDATA[1]]>
              </value>
            </param>
          </params>
          <reporter-output>
          </reporter-output>
        </test-method> <!-- productSearchTest -->
        <test-method status="PASS" signature="afterMethod(org.testng.ITestResult)[pri:0, instance:com.jostens.qa.testcases.CProductDetailPageTest@3632be31]" name="afterMethod" is-config="true" duration-ms="65" started-at="2021-02-20T20:09:05 CST" finished-at="2021-02-20T20:09:06 CST">
          <params>
            <param index="0">
              <value>
                <![CDATA[[TestResult name=productSearchTest status=SUCCESS method=CProductDetailPageTest.productSearchTest(java.lang.String, java.lang.String, java.lang.String, java.lang.String, java.lang.String, java.lang.String, java.lang.String, java.lang.String, java.lang.String, java.lang.String, java.lang.String, java.lang.String)[pri:0, instance:com.jostens.qa.testcases.CProductDetailPageTest@3632be31] output={null}]]]>
              </value>
            </param>
          </params>
          <reporter-output>
          </reporter-output>
        </test-method> <!-- afterMethod -->
        <test-method status="PASS" signature="productSearchTest(java.lang.String, java.lang.String, java.lang.String, java.lang.String, java.lang.String, java.lang.String, java.lang.String, java.lang.String, java.lang.String, java.lang.String, java.lang.String, java.lang.String)[pri:0, instance:com.jostens.qa.testcases.CProductDetailPageTest@3632be31]" name="productSearchTest" duration-ms="33364" started-at="2021-02-20T20:09:06 CST" data-provider="inputs" finished-at="2021-02-20T20:09:39 CST">
          <params>
            <param index="0">
              <value>
                <![CDATA[New Era Women's Tri-Blend Fleece Pullover Hoodie]]>
              </value>
            </param>
            <param index="1">
              <value>
                <![CDATA[New Era Women's Tri-Blend Fleece Pullover Hoodie - Jostens School Store]]>
              </value>
            </param>
            <param index="2">
              <value>
                <![CDATA[Grey]]>
              </value>
            </param>
            <param index="3">
              <value>
                <![CDATA[M]]>
              </value>
            </param>
            <param index="4">
              <value>
                <![CDATA[2]]>
              </value>
            </param>
            <param index="5">
              <value>
                <![CDATA[Center Chest]]>
              </value>
            </param>
            <param index="6">
              <value>
                <![CDATA[40]]>
              </value>
            </param>
            <param index="7">
              <value>
                <![CDATA[40]]>
              </value>
            </param>
            <param index="8">
              <value>
                <![CDATA[25]]>
              </value>
            </param>
            <param index="9">
              <value>
                <![CDATA[17.5]]>
              </value>
            </param>
            <param index="10">
              <value>
                <![CDATA[Success - 2020/12/23 13:33:18]]>
              </value>
            </param>
            <param index="11">
              <value>
                <![CDATA[2]]>
              </value>
            </param>
          </params>
          <reporter-output>
          </reporter-output>
        </test-method> <!-- productSearchTest -->
        <test-method status="PASS" signature="afterMethod(org.testng.ITestResult)[pri:0, instance:com.jostens.qa.testcases.CProductDetailPageTest@3632be31]" name="afterMethod" is-config="true" duration-ms="68" started-at="2021-02-20T20:09:39 CST" finished-at="2021-02-20T20:09:39 CST">
          <params>
            <param index="0">
              <value>
                <![CDATA[[TestResult name=productSearchTest status=SUCCESS method=CProductDetailPageTest.productSearchTest(java.lang.String, java.lang.String, java.lang.String, java.lang.String, java.lang.String, java.lang.String, java.lang.String, java.lang.String, java.lang.String, java.lang.String, java.lang.String, java.lang.String)[pri:0, instance:com.jostens.qa.testcases.CProductDetailPageTest@3632be31] output={null}]]]>
              </value>
            </param>
          </params>
          <reporter-output>
          </reporter-output>
        </test-method> <!-- afterMethod -->
        <test-method status="PASS" signature="productSearchTest(java.lang.String, java.lang.String, java.lang.String, java.lang.String, java.lang.String, java.lang.String, java.lang.String, java.lang.String, java.lang.String, java.lang.String, java.lang.String, java.lang.String)[pri:0, instance:com.jostens.qa.testcases.CProductDetailPageTest@3632be31]" name="productSearchTest" duration-ms="33642" started-at="2021-02-20T20:09:39 CST" data-provider="inputs" finished-at="2021-02-20T20:10:13 CST">
          <params>
            <param index="0">
              <value>
                <![CDATA[3 Ply Sublimated Mask]]>
              </value>
            </param>
            <param index="1">
              <value>
                <![CDATA[3 Ply Sublimated Mask - Jostens School Store]]>
              </value>
            </param>
            <param index="2">
              <value>
                <![CDATA[White]]>
              </value>
            </param>
            <param index="3">
              <value>
                <![CDATA[L/XL]]>
              </value>
            </param>
            <param index="4">
              <value>
                <![CDATA[6]]>
              </value>
            </param>
            <param index="5">
              <value>
                <![CDATA[Mask Center]]>
              </value>
            </param>
            <param index="6">
              <value>
                <![CDATA[35]]>
              </value>
            </param>
            <param index="7">
              <value>
                <![CDATA[37]]>
              </value>
            </param>
            <param index="8">
              <value>
                <![CDATA[30]]>
              </value>
            </param>
            <param index="9">
              <value>
                <![CDATA[21]]>
              </value>
            </param>
            <param index="10">
              <value>
                <![CDATA[Success - 2020/12/23 13:33:43]]>
              </value>
            </param>
            <param index="11">
              <value>
                <![CDATA[3]]>
              </value>
            </param>
          </params>
          <reporter-output>
          </reporter-output>
        </test-method> <!-- productSearchTest -->
        <test-method status="PASS" signature="afterMethod(org.testng.ITestResult)[pri:0, instance:com.jostens.qa.testcases.CProductDetailPageTest@3632be31]" name="afterMethod" is-config="true" duration-ms="72" started-at="2021-02-20T20:10:13 CST" finished-at="2021-02-20T20:10:13 CST">
          <params>
            <param index="0">
              <value>
                <![CDATA[[TestResult name=productSearchTest status=SUCCESS method=CProductDetailPageTest.productSearchTest(java.lang.String, java.lang.String, java.lang.String, java.lang.String, java.lang.String, java.lang.String, java.lang.String, java.lang.String, java.lang.String, java.lang.String, java.lang.String, java.lang.String)[pri:0, instance:com.jostens.qa.testcases.CProductDetailPageTest@3632be31] output={null}]]]>
              </value>
            </param>
          </params>
          <reporter-output>
          </reporter-output>
        </test-method> <!-- afterMethod -->
      </class> <!-- com.jostens.qa.testcases.CProductDetailPageTest -->
      <class name="com.jostens.qa.testcases.BSearchSchoolPageTest">
        <test-method status="PASS" signature="beforeClass()[pri:0, instance:com.jostens.qa.testcases.BSearchSchoolPageTest@56235b8e]" name="beforeClass" is-config="true" duration-ms="20" started-at="2021-02-20T20:08:16 CST" finished-at="2021-02-20T20:08:16 CST">
          <reporter-output>
          </reporter-output>
        </test-method> <!-- beforeClass -->
        <test-method status="PASS" signature="searchSchoolTest(java.lang.String, java.lang.String, java.lang.String, java.lang.String)[pri:0, instance:com.jostens.qa.testcases.BSearchSchoolPageTest@56235b8e]" name="searchSchoolTest" duration-ms="7157" started-at="2021-02-20T20:08:16 CST" data-provider="inputs" finished-at="2021-02-20T20:08:24 CST">
          <params>
            <param index="0">
              <value>
                <![CDATA[Chaska High School]]>
              </value>
            </param>
            <param index="1">
              <value>
                <![CDATA[Chaska High School Chaska, MN Products - Graduation Products from Jostens]]>
              </value>
            </param>
            <param index="2">
              <value>
                <![CDATA[Success - 2021/02/20 20:04:13]]>
              </value>
            </param>
            <param index="3">
              <value>
                <![CDATA[1]]>
              </value>
            </param>
          </params>
          <reporter-output>
          </reporter-output>
        </test-method> <!-- searchSchoolTest -->
        <test-method status="PASS" signature="afterMethod(org.testng.ITestResult)[pri:0, instance:com.jostens.qa.testcases.BSearchSchoolPageTest@56235b8e]" name="afterMethod" is-config="true" duration-ms="71" started-at="2021-02-20T20:08:24 CST" finished-at="2021-02-20T20:08:24 CST">
          <params>
            <param index="0">
              <value>
                <![CDATA[[TestResult name=searchSchoolTest status=SUCCESS method=BSearchSchoolPageTest.searchSchoolTest(java.lang.String, java.lang.String, java.lang.String, java.lang.String)[pri:0, instance:com.jostens.qa.testcases.BSearchSchoolPageTest@56235b8e] output={null}]]]>
              </value>
            </param>
          </params>
          <reporter-output>
          </reporter-output>
        </test-method> <!-- afterMethod -->
      </class> <!-- com.jostens.qa.testcases.BSearchSchoolPageTest -->
      <class name="com.jostens.qa.testcases.ECheckoutPageTest">
        <test-method status="PASS" signature="beforeClass()[pri:0, instance:com.jostens.qa.testcases.ECheckoutPageTest@2286778]" name="beforeClass" is-config="true" duration-ms="19" started-at="2021-02-20T20:10:19 CST" finished-at="2021-02-20T20:10:19 CST">
          <reporter-output>
          </reporter-output>
        </test-method> <!-- beforeClass -->
        <test-method status="FAIL" signature="proceedWithCheckoutTest(java.lang.String, java.lang.String, java.lang.String, java.lang.String, java.lang.String, java.lang.String, java.lang.String, java.lang.String, java.lang.String, java.lang.String, java.lang.String, java.lang.String, java.lang.String, java.lang.String, java.lang.String, java.lang.String, java.lang.String, java.lang.String)[pri:0, instance:com.jostens.qa.testcases.ECheckoutPageTest@2286778]" name="proceedWithCheckoutTest" duration-ms="19127" started-at="2021-02-20T20:10:19 CST" data-provider="inputs" finished-at="2021-02-20T20:10:38 CST">
          <params>
            <param index="0">
              <value>
                <![CDATA[New Era Men's Heritage Blend 3/4-Sleeve Baseball Raglan Tee]]>
              </value>
            </param>
            <param index="1">
              <value>
                <![CDATA[1]]>
              </value>
            </param>
            <param index="2">
              <value>
                <![CDATA[$24.95]]>
              </value>
            </param>
            <param index="3">
              <value>
                <![CDATA[Information - Jostens School Store]]>
              </value>
            </param>
            <param index="4">
              <value>
                <![CDATA[Steve.VerMulm@gmail.com]]>
              </value>
            </param>
            <param index="5">
              <value>
                <![CDATA[No]]>
              </value>
            </param>
            <param index="6">
              <value>
                <![CDATA[Steven]]>
              </value>
            </param>
            <param index="7">
              <value>
                <![CDATA[VerMulm]]>
              </value>
            </param>
            <param index="8">
              <value>
                <![CDATA[409 5th Ave. South]]>
              </value>
            </param>
            <param index="9">
              <value>
                <![CDATA[Hopkins]]>
              </value>
            </param>
            <param index="10">
              <value>
                <![CDATA[United States]]>
              </value>
            </param>
            <param index="11">
              <value>
                <![CDATA[Minnesota]]>
              </value>
            </param>
            <param index="12">
              <value>
                <![CDATA[55343]]>
              </value>
            </param>
            <param index="13">
              <value>
                <![CDATA[7123635520]]>
              </value>
            </param>
            <param index="14">
              <value>
                <![CDATA[No]]>
              </value>
            </param>
            <param index="15">
              <value>
                <![CDATA[Failure - 2021/02/20 20:06:59]]>
              </value>
            </param>
            <param index="16">
              <value is-null="true"/>
            </param>
            <param index="17">
              <value>
                <![CDATA[1]]>
              </value>
            </param>
          </params>
          <exception class="java.lang.AssertionError">
            <message>
              <![CDATA[The following asserts failed:
expected [Information - Jostens School Store] but found [Information - Jostens School Store - Checkout]]]>
            </message>
            <full-stacktrace>
              <![CDATA[java.lang.AssertionError: The following asserts failed:
expected [Information - Jostens School Store] but found [Information - Jostens School Store - Checkout]
at org.testng.asserts.SoftAssert.assertAll(SoftAssert.java:47)
at org.testng.asserts.SoftAssert.assertAll(SoftAssert.java:31)
at com.jostens.qa.testcases.ECheckoutPageTest.proceedWithCheckoutTest(ECheckoutPageTest.java:86)
at sun.reflect.NativeMethodAccessorImpl.invoke0(Native Method)
at sun.reflect.NativeMethodAccessorImpl.invoke(NativeMethodAccessorImpl.java:62)
at sun.reflect.DelegatingMethodAccessorImpl.invoke(DelegatingMethodAccessorImpl.java:43)
at java.lang.reflect.Method.invoke(Method.java:498)
at org.testng.internal.MethodInvocationHelper.invokeMethod(MethodInvocationHelper.java:134)
at org.testng.internal.TestInvoker.invokeMethod(TestInvoker.java:597)
at org.testng.internal.TestInvoker.invokeTestMethod(TestInvoker.java:173)
at org.testng.internal.MethodRunner.runInSequence(MethodRunner.java:46)
at org.testng.internal.TestInvoker$MethodInvocationAgent.invoke(TestInvoker.java:816)
at org.testng.internal.TestInvoker.invokeTestMethods(TestInvoker.java:146)
at org.testng.internal.TestMethodWorker.invokeTestMethods(TestMethodWorker.java:146)
at org.testng.internal.TestMethodWorker.run(TestMethodWorker.java:128)
at java.util.ArrayList.forEach(ArrayList.java:1259)
at org.testng.TestRunner.privateRun(TestRunner.java:766)
at org.testng.TestRunner.run(TestRunner.java:587)
at org.testng.SuiteRunner.runTest(SuiteRunner.java:384)
at org.testng.SuiteRunner.runSequentially(SuiteRunner.java:378)
at org.testng.SuiteRunner.privateRun(SuiteRunner.java:337)
at org.testng.SuiteRunner.run(SuiteRunner.java:286)
at org.testng.SuiteRunnerWorker.runSuite(SuiteRunnerWorker.java:53)
at org.testng.SuiteRunnerWorker.run(SuiteRunnerWorker.java:96)
at org.testng.TestNG.runSuitesSequentially(TestNG.java:1187)
at org.testng.TestNG.runSuitesLocally(TestNG.java:1109)
at org.testng.TestNG.runSuites(TestNG.java:1039)
at org.testng.TestNG.run(TestNG.java:1007)
at org.apache.maven.surefire.testng.TestNGExecutor.run(TestNGExecutor.java:295)
at org.apache.maven.surefire.testng.TestNGXmlTestSuite.execute(TestNGXmlTestSuite.java:84)
at org.apache.maven.surefire.testng.TestNGProvider.invoke(TestNGProvider.java:90)
at org.apache.maven.surefire.booter.ForkedBooter.invokeProviderInSameClassLoader(ForkedBooter.java:203)
at org.apache.maven.surefire.booter.ForkedBooter.runSuitesInProcess(ForkedBooter.java:155)
at org.apache.maven.surefire.booter.ForkedBooter.main(ForkedBooter.java:103)
]]>
            </full-stacktrace>
          </exception> <!-- java.lang.AssertionError -->
          <reporter-output>
          </reporter-output>
        </test-method> <!-- proceedWithCheckoutTest -->
        <test-method status="PASS" signature="afterMethod(org.testng.ITestResult)[pri:0, instance:com.jostens.qa.testcases.ECheckoutPageTest@2286778]" name="afterMethod" is-config="true" duration-ms="722" started-at="2021-02-20T20:10:38 CST" finished-at="2021-02-20T20:10:39 CST">
          <params>
            <param index="0">
              <value>
                <![CDATA[[TestResult name=proceedWithCheckoutTest status=FAILURE method=ECheckoutPageTest.proceedWithCheckoutTest(java.lang.String, java.lang.String, java.lang.String, java.lang.String, java.lang.String, java.lang.String, java.lang.String, java.lang.String, java.lang.String, java.lang.String, java.lang.String, java.lang.String, java.lang.String, java.lang.String, java.lang.String, java.lang.String, java.lang.String, java.lang.String)[pri:0, instance:com.jostens.qa.testcases.ECheckoutPageTest@2286778] output={null}]]]>
              </value>
            </param>
          </params>
          <reporter-output>
          </reporter-output>
        </test-method> <!-- afterMethod -->
        <test-method status="PASS" signature="proceedWithCheckoutTest(java.lang.String, java.lang.String, java.lang.String, java.lang.String, java.lang.String, java.lang.String, java.lang.String, java.lang.String, java.lang.String, java.lang.String, java.lang.String, java.lang.String, java.lang.String, java.lang.String, java.lang.String, java.lang.String, java.lang.String, java.lang.String)[pri:0, instance:com.jostens.qa.testcases.ECheckoutPageTest@2286778]" name="proceedWithCheckoutTest" duration-ms="19264" started-at="2021-02-20T20:10:39 CST" data-provider="inputs" finished-at="2021-02-20T20:10:58 CST">
          <params>
            <param index="0">
              <value>
                <![CDATA[New Era Women's Tri-Blend Fleece Pullover Hoodie]]>
              </value>
            </param>
            <param index="1">
              <value>
                <![CDATA[1]]>
              </value>
            </param>
            <param index="2">
              <value>
                <![CDATA[$35.95]]>
              </value>
            </param>
            <param index="3">
              <value>
                <![CDATA[Information - Jostens School Store - Checkout]]>
              </value>
            </param>
            <param index="4">
              <value>
                <![CDATA[Steve.VerMulm@gmail.com]]>
              </value>
            </param>
            <param index="5">
              <value>
                <![CDATA[No]]>
              </value>
            </param>
            <param index="6">
              <value>
                <![CDATA[Ashlyn]]>
              </value>
            </param>
            <param index="7">
              <value>
                <![CDATA[Ambrose]]>
              </value>
            </param>
            <param index="8">
              <value>
                <![CDATA[409 Beachcomber Drive]]>
              </value>
            </param>
            <param index="9">
              <value>
                <![CDATA[Lake Park]]>
              </value>
            </param>
            <param index="10">
              <value>
                <![CDATA[United States]]>
              </value>
            </param>
            <param index="11">
              <value>
                <![CDATA[Iowa]]>
              </value>
            </param>
            <param index="12">
              <value>
                <![CDATA[51347]]>
              </value>
            </param>
            <param index="13">
              <value>
                <![CDATA[7123632575]]>
              </value>
            </param>
            <param index="14">
              <value>
                <![CDATA[No]]>
              </value>
            </param>
            <param index="15">
              <value>
                <![CDATA[Success - 2021/02/20 20:07:24]]>
              </value>
            </param>
            <param index="16">
              <value is-null="true"/>
            </param>
            <param index="17">
              <value>
                <![CDATA[2]]>
              </value>
            </param>
          </params>
          <reporter-output>
          </reporter-output>
        </test-method> <!-- proceedWithCheckoutTest -->
        <test-method status="PASS" signature="afterMethod(org.testng.ITestResult)[pri:0, instance:com.jostens.qa.testcases.ECheckoutPageTest@2286778]" name="afterMethod" is-config="true" duration-ms="62" started-at="2021-02-20T20:10:58 CST" finished-at="2021-02-20T20:10:58 CST">
          <params>
            <param index="0">
              <value>
                <![CDATA[[TestResult name=proceedWithCheckoutTest status=SUCCESS method=ECheckoutPageTest.proceedWithCheckoutTest(java.lang.String, java.lang.String, java.lang.String, java.lang.String, java.lang.String, java.lang.String, java.lang.String, java.lang.String, java.lang.String, java.lang.String, java.lang.String, java.lang.String, java.lang.String, java.lang.String, java.lang.String, java.lang.String, java.lang.String, java.lang.String)[pri:0, instance:com.jostens.qa.testcases.ECheckoutPageTest@2286778] output={null}]]]>
              </value>
            </param>
          </params>
          <reporter-output>
          </reporter-output>
        </test-method> <!-- afterMethod -->
        <test-method status="PASS" signature="proceedWithCheckoutTest(java.lang.String, java.lang.String, java.lang.String, java.lang.String, java.lang.String, java.lang.String, java.lang.String, java.lang.String, java.lang.String, java.lang.String, java.lang.String, java.lang.String, java.lang.String, java.lang.String, java.lang.String, java.lang.String, java.lang.String, java.lang.String)[pri:0, instance:com.jostens.qa.testcases.ECheckoutPageTest@2286778]" name="proceedWithCheckoutTest" duration-ms="17906" started-at="2021-02-20T20:10:58 CST" data-provider="inputs" finished-at="2021-02-20T20:11:16 CST">
          <params>
            <param index="0">
              <value>
                <![CDATA[3 Ply Sublimated Mask]]>
              </value>
            </param>
            <param index="1">
              <value>
                <![CDATA[1]]>
              </value>
            </param>
            <param index="2">
              <value>
                <![CDATA[$18.95]]>
              </value>
            </param>
            <param index="3">
              <value>
                <![CDATA[Information - Jostens School Store - Checkout]]>
              </value>
            </param>
            <param index="4">
              <value>
                <![CDATA[Steve.VerMulm@gmail.com]]>
              </value>
            </param>
            <param index="5">
              <value>
                <![CDATA[No]]>
              </value>
            </param>
            <param index="6">
              <value>
                <![CDATA[Cynthia]]>
              </value>
            </param>
            <param index="7">
              <value>
                <![CDATA[Ambrosia]]>
              </value>
            </param>
            <param index="8">
              <value>
                <![CDATA[62310 Lake View Road]]>
              </value>
            </param>
            <param index="9">
              <value>
                <![CDATA[Madison Lake]]>
              </value>
            </param>
            <param index="10">
              <value>
                <![CDATA[United States]]>
              </value>
            </param>
            <param index="11">
              <value>
                <![CDATA[Minnesota]]>
              </value>
            </param>
            <param index="12">
              <value>
                <![CDATA[56063]]>
              </value>
            </param>
            <param index="13">
              <value>
                <![CDATA[7123635519]]>
              </value>
            </param>
            <param index="14">
              <value>
                <![CDATA[No]]>
              </value>
            </param>
            <param index="15">
              <value>
                <![CDATA[Success - 2021/02/20 20:07:45]]>
              </value>
            </param>
            <param index="16">
              <value is-null="true"/>
            </param>
            <param index="17">
              <value>
                <![CDATA[3]]>
              </value>
            </param>
          </params>
          <reporter-output>
          </reporter-output>
        </test-method> <!-- proceedWithCheckoutTest -->
        <test-method status="PASS" signature="afterMethod(org.testng.ITestResult)[pri:0, instance:com.jostens.qa.testcases.ECheckoutPageTest@2286778]" name="afterMethod" is-config="true" duration-ms="62" started-at="2021-02-20T20:11:16 CST" finished-at="2021-02-20T20:11:16 CST">
          <params>
            <param index="0">
              <value>
                <![CDATA[[TestResult name=proceedWithCheckoutTest status=SUCCESS method=ECheckoutPageTest.proceedWithCheckoutTest(java.lang.String, java.lang.String, java.lang.String, java.lang.String, java.lang.String, java.lang.String, java.lang.String, java.lang.String, java.lang.String, java.lang.String, java.lang.String, java.lang.String, java.lang.String, java.lang.String, java.lang.String, java.lang.String, java.lang.String, java.lang.String)[pri:0, instance:com.jostens.qa.testcases.ECheckoutPageTest@2286778] output={null}]]]>
              </value>
            </param>
          </params>
          <reporter-output>
          </reporter-output>
        </test-method> <!-- afterMethod -->
      </class> <!-- com.jostens.qa.testcases.ECheckoutPageTest -->
      <class name="com.jostens.qa.testcases.DShoppingCartPageTest">
        <test-method status="PASS" signature="beforeClass()[pri:0, instance:com.jostens.qa.testcases.DShoppingCartPageTest@5abca1e0]" name="beforeClass" is-config="true" duration-ms="26" started-at="2021-02-20T20:10:13 CST" finished-at="2021-02-20T20:10:13 CST">
          <reporter-output>
          </reporter-output>
        </test-method> <!-- beforeClass -->
        <test-method status="PASS" signature="addProductToCartTest(java.lang.String, java.lang.String, java.lang.String, java.lang.String, java.lang.String, java.lang.String, java.lang.String, java.lang.String)[pri:0, instance:com.jostens.qa.testcases.DShoppingCartPageTest@5abca1e0]" name="addProductToCartTest" duration-ms="3846" started-at="2021-02-20T20:10:13 CST" data-provider="inputs" finished-at="2021-02-20T20:10:17 CST">
          <params>
            <param index="0">
              <value>
                <![CDATA[New Era Men's Heritage Blend 3/4-Sleeve Baseball Raglan Tee]]>
              </value>
            </param>
            <param index="1">
              <value>
                <![CDATA[Your Shopping Cart - Jostens School Store]]>
              </value>
            </param>
            <param index="2">
              <value>
                <![CDATA[$27.95]]>
              </value>
            </param>
            <param index="3">
              <value>
                <![CDATA[1]]>
              </value>
            </param>
            <param index="4">
              <value>
                <![CDATA[$27.95]]>
              </value>
            </param>
            <param index="5">
              <value>
                <![CDATA[$85.85]]>
              </value>
            </param>
            <param index="6">
              <value>
                <![CDATA[Success - 2021/02/20 20:06:30]]>
              </value>
            </param>
            <param index="7">
              <value>
                <![CDATA[1]]>
              </value>
            </param>
          </params>
          <reporter-output>
          </reporter-output>
        </test-method> <!-- addProductToCartTest -->
        <test-method status="PASS" signature="afterMethod(org.testng.ITestResult)[pri:0, instance:com.jostens.qa.testcases.DShoppingCartPageTest@5abca1e0]" name="afterMethod" is-config="true" duration-ms="63" started-at="2021-02-20T20:10:17 CST" finished-at="2021-02-20T20:10:17 CST">
          <params>
            <param index="0">
              <value>
                <![CDATA[[TestResult name=addProductToCartTest status=SUCCESS method=DShoppingCartPageTest.addProductToCartTest(java.lang.String, java.lang.String, java.lang.String, java.lang.String, java.lang.String, java.lang.String, java.lang.String, java.lang.String)[pri:0, instance:com.jostens.qa.testcases.DShoppingCartPageTest@5abca1e0] output={null}]]]>
              </value>
            </param>
          </params>
          <reporter-output>
          </reporter-output>
        </test-method> <!-- afterMethod -->
        <test-method status="PASS" signature="addProductToCartTest(java.lang.String, java.lang.String, java.lang.String, java.lang.String, java.lang.String, java.lang.String, java.lang.String, java.lang.String)[pri:0, instance:com.jostens.qa.testcases.DShoppingCartPageTest@5abca1e0]" name="addProductToCartTest" duration-ms="1342" started-at="2021-02-20T20:10:17 CST" data-provider="inputs" finished-at="2021-02-20T20:10:18 CST">
          <params>
            <param index="0">
              <value>
                <![CDATA[New Era Women's Tri-Blend Fleece Pullover Hoodie]]>
              </value>
            </param>
            <param index="1">
              <value>
                <![CDATA[Your Shopping Cart - Jostens School Store]]>
              </value>
            </param>
            <param index="2">
              <value>
                <![CDATA[$38.95]]>
              </value>
            </param>
            <param index="3">
              <value>
                <![CDATA[1]]>
              </value>
            </param>
            <param index="4">
              <value>
                <![CDATA[$38.95]]>
              </value>
            </param>
            <param index="5">
              <value>
                <![CDATA[$85.85]]>
              </value>
            </param>
            <param index="6">
              <value>
                <![CDATA[Success - 2021/02/20 20:06:32]]>
              </value>
            </param>
            <param index="7">
              <value>
                <![CDATA[2]]>
              </value>
            </param>
          </params>
          <reporter-output>
          </reporter-output>
        </test-method> <!-- addProductToCartTest -->
        <test-method status="PASS" signature="afterMethod(org.testng.ITestResult)[pri:0, instance:com.jostens.qa.testcases.DShoppingCartPageTest@5abca1e0]" name="afterMethod" is-config="true" duration-ms="64" started-at="2021-02-20T20:10:18 CST" finished-at="2021-02-20T20:10:18 CST">
          <params>
            <param index="0">
              <value>
                <![CDATA[[TestResult name=addProductToCartTest status=SUCCESS method=DShoppingCartPageTest.addProductToCartTest(java.lang.String, java.lang.String, java.lang.String, java.lang.String, java.lang.String, java.lang.String, java.lang.String, java.lang.String)[pri:0, instance:com.jostens.qa.testcases.DShoppingCartPageTest@5abca1e0] output={null}]]]>
              </value>
            </param>
          </params>
          <reporter-output>
          </reporter-output>
        </test-method> <!-- afterMethod -->
        <test-method status="PASS" signature="addProductToCartTest(java.lang.String, java.lang.String, java.lang.String, java.lang.String, java.lang.String, java.lang.String, java.lang.String, java.lang.String)[pri:0, instance:com.jostens.qa.testcases.DShoppingCartPageTest@5abca1e0]" name="addProductToCartTest" duration-ms="1076" started-at="2021-02-20T20:10:18 CST" data-provider="inputs" finished-at="2021-02-20T20:10:19 CST">
          <params>
            <param index="0">
              <value>
                <![CDATA[3 Ply Sublimated Mask]]>
              </value>
            </param>
            <param index="1">
              <value>
                <![CDATA[Your Shopping Cart - Jostens School Store]]>
              </value>
            </param>
            <param index="2">
              <value>
                <![CDATA[$18.95]]>
              </value>
            </param>
            <param index="3">
              <value>
                <![CDATA[1]]>
              </value>
            </param>
            <param index="4">
              <value>
                <![CDATA[$18.95]]>
              </value>
            </param>
            <param index="5">
              <value>
                <![CDATA[$85.85]]>
              </value>
            </param>
            <param index="6">
              <value>
                <![CDATA[Success - 2021/02/20 20:06:33]]>
              </value>
            </param>
            <param index="7">
              <value>
                <![CDATA[3]]>
              </value>
            </param>
          </params>
          <reporter-output>
          </reporter-output>
        </test-method> <!-- addProductToCartTest -->
        <test-method status="PASS" signature="afterMethod(org.testng.ITestResult)[pri:0, instance:com.jostens.qa.testcases.DShoppingCartPageTest@5abca1e0]" name="afterMethod" is-config="true" duration-ms="80" started-at="2021-02-20T20:10:19 CST" finished-at="2021-02-20T20:10:19 CST">
          <params>
            <param index="0">
              <value>
                <![CDATA[[TestResult name=addProductToCartTest status=SUCCESS method=DShoppingCartPageTest.addProductToCartTest(java.lang.String, java.lang.String, java.lang.String, java.lang.String, java.lang.String, java.lang.String, java.lang.String, java.lang.String)[pri:0, instance:com.jostens.qa.testcases.DShoppingCartPageTest@5abca1e0] output={null}]]]>
              </value>
            </param>
          </params>
          <reporter-output>
          </reporter-output>
        </test-method> <!-- afterMethod -->
      </class> <!-- com.jostens.qa.testcases.DShoppingCartPageTest -->
      <class name="com.jostens.qa.testcases.FPaymentPageTest">
        <test-method status="PASS" signature="beforeClass()[pri:0, instance:com.jostens.qa.testcases.FPaymentPageTest@4e9ba398]" name="beforeClass" is-config="true" duration-ms="20" started-at="2021-02-20T20:11:16 CST" finished-at="2021-02-20T20:11:16 CST">
          <reporter-output>
          </reporter-output>
        </test-method> <!-- beforeClass -->
        <test-method status="SKIP" signature="paymentPageTest(java.lang.String, java.lang.String, java.lang.String, java.lang.String, java.lang.String, java.lang.String, java.lang.String, java.lang.String)[pri:0, instance:com.jostens.qa.testcases.FPaymentPageTest@4e9ba398]" name="paymentPageTest" duration-ms="1" started-at="2021-02-20T20:11:16 CST" data-provider="inputs" finished-at="2021-02-20T20:11:16 CST">
          <params>
            <param index="0">
              <value>
                <![CDATA[]]>
              </value>
            </param>
            <param index="1">
              <value>
                <![CDATA[]]>
              </value>
            </param>
            <param index="2">
              <value>
                <![CDATA[]]>
              </value>
            </param>
            <param index="3">
              <value>
                <![CDATA[]]>
              </value>
            </param>
            <param index="4">
              <value>
                <![CDATA[]]>
              </value>
            </param>
            <param index="5">
              <value>
                <![CDATA[Success - 2021/02/15 21:57:59]]>
              </value>
            </param>
            <param index="6">
              <value>
                <![CDATA[If no data in row, the @Test will be skipped]]>
              </value>
            </param>
            <param index="7">
              <value>
                <![CDATA[1]]>
              </value>
            </param>
          </params>
          <exception class="org.testng.SkipException">
            <message>
              <![CDATA[Skipping '@Test=gtest' due to a lack of data]]>
            </message>
            <full-stacktrace>
              <![CDATA[org.testng.SkipException: Skipping '@Test=gtest' due to a lack of data
at com.jostens.qa.testcases.FPaymentPageTest.paymentPageTest(FPaymentPageTest.java:48)
at sun.reflect.NativeMethodAccessorImpl.invoke0(Native Method)
at sun.reflect.NativeMethodAccessorImpl.invoke(NativeMethodAccessorImpl.java:62)
at sun.reflect.DelegatingMethodAccessorImpl.invoke(DelegatingMethodAccessorImpl.java:43)
at java.lang.reflect.Method.invoke(Method.java:498)
at org.testng.internal.MethodInvocationHelper.invokeMethod(MethodInvocationHelper.java:134)
at org.testng.internal.TestInvoker.invokeMethod(TestInvoker.java:597)
at org.testng.internal.TestInvoker.invokeTestMethod(TestInvoker.java:173)
at org.testng.internal.MethodRunner.runInSequence(MethodRunner.java:46)
at org.testng.internal.TestInvoker$MethodInvocationAgent.invoke(TestInvoker.java:816)
at org.testng.internal.TestInvoker.invokeTestMethods(TestInvoker.java:146)
at org.testng.internal.TestMethodWorker.invokeTestMethods(TestMethodWorker.java:146)
at org.testng.internal.TestMethodWorker.run(TestMethodWorker.java:128)
at java.util.ArrayList.forEach(ArrayList.java:1259)
at org.testng.TestRunner.privateRun(TestRunner.java:766)
at org.testng.TestRunner.run(TestRunner.java:587)
at org.testng.SuiteRunner.runTest(SuiteRunner.java:384)
at org.testng.SuiteRunner.runSequentially(SuiteRunner.java:378)
at org.testng.SuiteRunner.privateRun(SuiteRunner.java:337)
at org.testng.SuiteRunner.run(SuiteRunner.java:286)
at org.testng.SuiteRunnerWorker.runSuite(SuiteRunnerWorker.java:53)
at org.testng.SuiteRunnerWorker.run(SuiteRunnerWorker.java:96)
at org.testng.TestNG.runSuitesSequentially(TestNG.java:1187)
at org.testng.TestNG.runSuitesLocally(TestNG.java:1109)
at org.testng.TestNG.runSuites(TestNG.java:1039)
at org.testng.TestNG.run(TestNG.java:1007)
at org.apache.maven.surefire.testng.TestNGExecutor.run(TestNGExecutor.java:295)
at org.apache.maven.surefire.testng.TestNGXmlTestSuite.execute(TestNGXmlTestSuite.java:84)
at org.apache.maven.surefire.testng.TestNGProvider.invoke(TestNGProvider.java:90)
at org.apache.maven.surefire.booter.ForkedBooter.invokeProviderInSameClassLoader(ForkedBooter.java:203)
at org.apache.maven.surefire.booter.ForkedBooter.runSuitesInProcess(ForkedBooter.java:155)
at org.apache.maven.surefire.booter.ForkedBooter.main(ForkedBooter.java:103)
]]>
            </full-stacktrace>
          </exception> <!-- org.testng.SkipException -->
          <reporter-output>
          </reporter-output>
        </test-method> <!-- paymentPageTest -->
        <test-method status="PASS" signature="afterMethod(org.testng.ITestResult)[pri:0, instance:com.jostens.qa.testcases.FPaymentPageTest@4e9ba398]" name="afterMethod" is-config="true" duration-ms="27" started-at="2021-02-20T20:11:16 CST" finished-at="2021-02-20T20:11:16 CST">
          <params>
            <param index="0">
              <value>
                <![CDATA[[TestResult name=paymentPageTest status=SKIP method=FPaymentPageTest.paymentPageTest(java.lang.String, java.lang.String, java.lang.String, java.lang.String, java.lang.String, java.lang.String, java.lang.String, java.lang.String)[pri:0, instance:com.jostens.qa.testcases.FPaymentPageTest@4e9ba398] output={null}]]]>
              </value>
            </param>
          </params>
          <reporter-output>
          </reporter-output>
        </test-method> <!-- afterMethod -->
      </class> <!-- com.jostens.qa.testcases.FPaymentPageTest -->
      <class name="com.jostens.qa.testcases.ALoginPageTest">
        <test-method status="PASS" signature="beforeSuite()[pri:0, instance:com.jostens.qa.testcases.ALoginPageTest@6fc6f14e]" name="beforeSuite" is-config="true" duration-ms="6845" started-at="2021-02-20T20:07:46 CST" finished-at="2021-02-20T20:07:52 CST">
          <reporter-output>
          </reporter-output>
        </test-method> <!-- beforeSuite -->
        <test-method status="PASS" signature="beforeClass()[pri:0, instance:com.jostens.qa.testcases.ALoginPageTest@6fc6f14e]" name="beforeClass" is-config="true" duration-ms="4" started-at="2021-02-20T20:07:52 CST" finished-at="2021-02-20T20:07:52 CST">
          <reporter-output>
          </reporter-output>
        </test-method> <!-- beforeClass -->
        <test-method status="PASS" signature="loginTest()[pri:0, instance:com.jostens.qa.testcases.ALoginPageTest@6fc6f14e]" name="loginTest" duration-ms="23904" started-at="2021-02-20T20:07:52 CST" finished-at="2021-02-20T20:08:16 CST">
          <reporter-output>
          </reporter-output>
        </test-method> <!-- loginTest -->
        <test-method status="PASS" signature="afterMethod(org.testng.ITestResult)[pri:0, instance:com.jostens.qa.testcases.ALoginPageTest@6fc6f14e]" name="afterMethod" is-config="true" duration-ms="71" started-at="2021-02-20T20:08:16 CST" finished-at="2021-02-20T20:08:16 CST">
          <params>
            <param index="0">
              <value>
                <![CDATA[[TestResult name=loginTest status=SUCCESS method=ALoginPageTest.loginTest()[pri:0, instance:com.jostens.qa.testcases.ALoginPageTest@6fc6f14e] output={null}]]]>
              </value>
            </param>
          </params>
          <reporter-output>
          </reporter-output>
        </test-method> <!-- afterMethod -->
        <test-method status="PASS" signature="afterSuite()[pri:0, instance:com.jostens.qa.testcases.ALoginPageTest@6fc6f14e]" name="afterSuite" is-config="true" duration-ms="88" started-at="2021-02-20T20:11:16 CST" finished-at="2021-02-20T20:11:17 CST">
          <reporter-output>
          </reporter-output>
        </test-method> <!-- afterSuite -->
      </class> <!-- com.jostens.qa.testcases.ALoginPageTest -->
    </test> <!-- Regression Chrome -->
  </suite> <!-- TestSuite (0) -->
</testng-results>
