<?xml version="1.0" encoding="UTF-8"?>
<!-- Generated by org.testng.reporters.JUnitXMLReporter -->
<testsuite ignored="10" hostname="DESKTOP-LTKBB09" failures="0" tests="13" name="Regression Chrome" time="198.214" errors="0" timestamp="2021-02-20T19:08:03 CST">
  <testcase classname="com.jostens.qa.testcases.ALoginPageTest" name="loginTest" time="11.328"/>
  <testcase classname="com.jostens.qa.testcases.BSearchSchoolPageTest" name="searchSchoolTest" time="7.437"/>
  <testcase classname="com.jostens.qa.testcases.BSearchSchoolPageTest" name="searchSchoolTest" time="4.177"/>
  <testcase classname="com.jostens.qa.testcases.CProductDetailPageTest" name="productSearchTest" time="36.813"/>
  <testcase classname="com.jostens.qa.testcases.CProductDetailPageTest" name="productSearchTest" time="32.151"/>
  <testcase classname="com.jostens.qa.testcases.CProductDetailPageTest" name="productSearchTest" time="33.479"/>
  <testcase classname="com.jostens.qa.testcases.DShoppingCartPageTest" name="addProductToCartTest" time="4.496"/>
  <testcase classname="com.jostens.qa.testcases.DShoppingCartPageTest" name="addProductToCartTest" time="1.443"/>
  <testcase classname="com.jostens.qa.testcases.DShoppingCartPageTest" name="addProductToCartTest" time="1.774"/>
  <testcase classname="com.jostens.qa.testcases.ECheckoutPageTest" name="proceedWithCheckoutTest" time="19.945"/>
  <testcase classname="com.jostens.qa.testcases.ECheckoutPageTest" name="proceedWithCheckoutTest" time="15.48"/>
  <testcase classname="com.jostens.qa.testcases.ECheckoutPageTest" name="proceedWithCheckoutTest" time="18.194"/>
  <testcase classname="com.jostens.qa.testcases.FPaymentPageTest" name="paymentPageTest" time="0.002"/>
  <testcase classname="com.jostens.qa.base.TestBase" name="@AfterSuite afterSuite" time="0.0">
    <ignored/>
  </testcase> <!-- @AfterSuite afterSuite -->
  <testcase classname="com.jostens.qa.base.TestBase" name="@AfterSuite afterSuite" time="0.0">
    <ignored/>
  </testcase> <!-- @AfterSuite afterSuite -->
  <testcase classname="com.jostens.qa.base.TestBase" name="@AfterSuite afterSuite" time="0.0">
    <ignored/>
  </testcase> <!-- @AfterSuite afterSuite -->
  <testcase classname="com.jostens.qa.base.TestBase" name="@AfterSuite afterSuite" time="0.0">
    <ignored/>
  </testcase> <!-- @AfterSuite afterSuite -->
  <testcase classname="com.jostens.qa.base.TestBase" name="@AfterSuite afterSuite" time="0.0">
    <ignored/>
  </testcase> <!-- @AfterSuite afterSuite -->
  <testcase classname="com.jostens.qa.base.TestBase" name="@BeforeTest beforeSuite" time="0.0">
    <ignored/>
  </testcase> <!-- @BeforeTest beforeSuite -->
  <testcase classname="com.jostens.qa.base.TestBase" name="@BeforeTest beforeSuite" time="0.0">
    <ignored/>
  </testcase> <!-- @BeforeTest beforeSuite -->
  <testcase classname="com.jostens.qa.base.TestBase" name="@BeforeTest beforeSuite" time="0.0">
    <ignored/>
  </testcase> <!-- @BeforeTest beforeSuite -->
  <testcase classname="com.jostens.qa.base.TestBase" name="@BeforeTest beforeSuite" time="0.0">
    <ignored/>
  </testcase> <!-- @BeforeTest beforeSuite -->
  <testcase classname="com.jostens.qa.base.TestBase" name="@BeforeTest beforeSuite" time="0.0">
    <ignored/>
  </testcase> <!-- @BeforeTest beforeSuite -->
</testsuite> <!-- Regression Chrome -->
